[2025-08-14 08:21:47] Applied new INI settings (live).
[2025-08-14 08:21:51] [Toggle] ON
[2025-08-14 08:21:51] Toggle -> ON
[2025-08-14 08:37:33] [Toggle] ON
[2025-08-14 08:37:33] Toggle -> ON
[2025-08-14 08:44:35] Applied new INI settings (live).
[2025-08-14 08:45:37] [Toggle] ON
[2025-08-14 08:45:37] Toggle -> ON
[2025-08-14 08:46:11] [Toggle] OFF
[2025-08-14 08:46:11] Toggle -> OFF
[2025-08-14 08:46:41] [Toggle] ON
[2025-08-14 08:46:41] Toggle -> ON
[2025-08-14 08:48:13] [Toggle] OFF
[2025-08-14 08:48:13] Toggle -> OFF
[2025-08-14 08:51:13] [Toggle] ON
[2025-08-14 08:51:13] Toggle -> ON
[2025-08-14 08:51:34] [Toggle] OFF
[2025-08-14 08:51:34] Toggle -> OFF
[2025-08-14 08:51:36] [Toggle] ON
[2025-08-14 08:51:36] Toggle -> ON
[2025-08-14 08:51:38] [Toggle] OFF
[2025-08-14 08:51:38] Toggle -> OFF
[2025-08-14 08:51:48] Applied new INI settings (live).
[2025-08-14 08:51:52] [Toggle] ON
[2025-08-14 08:51:52] Toggle -> ON
[2025-08-14 08:58:46] Applied new INI settings (live).
[2025-08-14 09:02:50] Applied new INI settings (live).
